TN:
SF:utils.js
FN:8,(anonymous_0)
FN:25,getArxivId
FN:36,escapeHtml
FN:51,authorLabel
FN:52,(anonymous_4)
FN:66,paperUrl
FN:86,extractTopCiting
FN:89,(anonymous_7)
FN:90,(anonymous_8)
FN:91,(anonymous_9)
FN:104,mergeAuthorPapers
FN:119,(anonymous_11)
FNF:12
FNH:12
FNDA:1,(anonymous_0)
FNDA:14,getArxivId
FNDA:9,escapeHtml
FNDA:7,authorLabel
FNDA:8,(anonymous_4)
FNDA:5,paperUrl
FNDA:7,extractTopCiting
FNDA:20,(anonymous_7)
FNDA:20,(anonymous_8)
FNDA:21,(anonymous_9)
FNDA:8,mergeAuthorPapers
FNDA:26,(anonymous_11)
DA:8,1
DA:26,14
DA:28,11
DA:29,11
DA:30,9
DA:37,9
DA:52,8
DA:53,7
DA:54,4
DA:55,1
DA:67,5
DA:68,4
DA:69,1
DA:71,3
DA:72,1
DA:74,2
DA:87,7
DA:88,7
DA:89,20
DA:90,20
DA:91,21
DA:105,8
DA:106,8
DA:107,8
DA:109,8
DA:110,9
DA:111,34
DA:112,30
DA:113,30
DA:118,8
DA:119,26
DA:125,1
DA:126,1
DA:127,1
DA:128,1
DA:129,1
DA:130,1
LF:37
LH:37
BRDA:26,0,0,3
BRDA:26,0,1,11
BRDA:29,1,0,2
BRDA:29,1,1,9
BRDA:52,2,0,7
BRDA:52,2,1,6
BRDA:52,2,2,2
BRDA:53,3,0,3
BRDA:53,3,1,4
BRDA:54,4,0,3
BRDA:54,4,1,1
BRDA:67,5,0,1
BRDA:67,5,1,4
BRDA:68,6,0,1
BRDA:68,6,1,3
BRDA:68,7,0,4
BRDA:68,7,1,3
BRDA:71,8,0,1
BRDA:71,8,1,2
BRDA:71,9,0,3
BRDA:71,9,1,2
BRDA:74,10,0,2
BRDA:74,10,1,0
BRDA:87,11,0,7
BRDA:87,11,1,0
BRDA:88,12,0,7
BRDA:88,12,1,6
BRDA:88,12,2,2
BRDA:90,13,0,20
BRDA:90,13,1,20
BRDA:105,14,0,8
BRDA:105,14,1,0
BRDA:110,15,0,9
BRDA:110,15,1,0
BRDA:111,16,0,30
BRDA:111,16,1,4
BRDA:111,17,0,34
BRDA:111,17,1,33
BRDA:111,17,2,31
BRDA:132,18,0,1
BRDA:132,18,1,0
BRF:41
BRH:36
end_of_record
